<?xml version="1.0" encoding="utf-8"?><testsuites name="pytest tests"><testsuite name="pytest" errors="0" failures="0" skipped="0" tests="7" time="46.495" timestamp="2026-09-08T10:14:16.958984+00:00" hostname="agent-env-c02da22d-5ad9-4d59-8a76-6d2653ee4597"><testcase classname="tests.test_category_images" name="test_settings_has_category_images" time="30.840" /><testcase classname="tests.test_category_images" name="test_upload_requires_auth" time="0.309" /><testcase classname="tests.test_category_images" name="test_delete_requires_auth" time="0.137" /><testcase classname="tests.test_category_images" name="test_upload_category_image" time="11.990" /><testcase classname="tests.test_category_images" name="test_settings_reflects_upload_after_upload" time="1.338" /><testcase classname="tests.test_category_images" name="test_delete_category_image" time="1.022" /><testcase classname="tests.test_category_images" name="test_settings_slug_removed_after_delete" time="0.365" /></testsuite></testsuites>