<?xml version="1.0" encoding="utf-8"?><testsuites name="pytest tests"><testsuite name="pytest" errors="0" failures="0" skipped="0" tests="25" time="18.271" timestamp="2026-09-05T20:47:32.784248+00:00" hostname="agent-env-8d0c1eb0-4611-4f6f-97f3-cd29c604c894"><testcase classname="tests.backend_test" name="test_root" time="0.250" /><testcase classname="tests.backend_test" name="test_store_config" time="0.849" /><testcase classname="tests.backend_test" name="test_group_categories_exist_and_have_products[new-arrivals-29]" time="1.031" /><testcase classname="tests.backend_test" name="test_group_categories_exist_and_have_products[featured-collection-30]" time="0.963" /><testcase classname="tests.backend_test" name="test_group_categories_exist_and_have_products[on-sale-31]" time="0.581" /><testcase classname="tests.backend_test" name="test_group_categories_exist_and_have_products[best-sellers-32]" time="0.546" /><testcase classname="tests.backend_test" name="test_product_prices_are_inr_range" time="0.563" /><testcase classname="tests.backend_test" name="test_categories" time="0.054" /><testcase classname="tests.backend_test" name="test_products_default" time="0.543" /><testcase classname="tests.backend_test" name="test_products_featured" time="0.573" /><testcase classname="tests.backend_test" name="test_products_on_sale" time="0.549" /><testcase classname="tests.backend_test" name="test_products_orderby_price" time="0.561" /><testcase classname="tests.backend_test" name="test_products_search" time="0.537" /><testcase classname="tests.backend_test" name="test_products_pagination" time="0.497" /><testcase classname="tests.backend_test" name="test_product_by_slug" time="0.505" /><testcase classname="tests.backend_test" name="test_product_variations" time="0.502" /><testcase classname="tests.backend_test" name="test_related" time="0.967" /><testcase classname="tests.backend_test" name="test_coupon_invalid" time="0.468" /><testcase classname="tests.backend_test" name="test_register_login_me" time="2.458" /><testcase classname="tests.backend_test" name="test_login_bad_password" time="0.280" /><testcase classname="tests.backend_test" name="test_register_duplicate" time="0.318" /><testcase classname="tests.backend_test" name="test_profile_update" time="1.006" /><testcase classname="tests.backend_test" name="test_account_orders_initially" time="0.490" /><testcase classname="tests.backend_test" name="test_create_order_authenticated" time="2.588" /><testcase classname="tests.backend_test" name="test_account_orders_after_purchase" time="0.501" /></testsuite></testsuites>