<?xml version="1.0" encoding="utf-8"?><testsuites name="pytest tests"><testsuite name="pytest" errors="0" failures="0" skipped="0" tests="20" time="13.870" timestamp="2026-09-05T20:10:43.343581+00:00" hostname="agent-env-8d0c1eb0-4611-4f6f-97f3-cd29c604c894"><testcase classname="tests.backend_test" name="test_root" time="0.172" /><testcase classname="tests.backend_test" name="test_store_config" time="0.691" /><testcase classname="tests.backend_test" name="test_categories" time="0.504" /><testcase classname="tests.backend_test" name="test_products_default" time="0.585" /><testcase classname="tests.backend_test" name="test_products_featured" time="0.524" /><testcase classname="tests.backend_test" name="test_products_on_sale" time="0.539" /><testcase classname="tests.backend_test" name="test_products_orderby_price" time="0.520" /><testcase classname="tests.backend_test" name="test_products_search" time="0.558" /><testcase classname="tests.backend_test" name="test_products_pagination" time="0.517" /><testcase classname="tests.backend_test" name="test_product_by_slug" time="0.754" /><testcase classname="tests.backend_test" name="test_product_variations" time="0.505" /><testcase classname="tests.backend_test" name="test_related" time="0.935" /><testcase classname="tests.backend_test" name="test_coupon_invalid" time="0.474" /><testcase classname="tests.backend_test" name="test_register_login_me" time="2.305" /><testcase classname="tests.backend_test" name="test_login_bad_password" time="0.273" /><testcase classname="tests.backend_test" name="test_register_duplicate" time="0.053" /><testcase classname="tests.backend_test" name="test_profile_update" time="0.516" /><testcase classname="tests.backend_test" name="test_account_orders_initially" time="0.481" /><testcase classname="tests.backend_test" name="test_create_order_authenticated" time="2.407" /><testcase classname="tests.backend_test" name="test_account_orders_after_purchase" time="0.477" /></testsuite></testsuites>